[2022-12-18 17:36:45,266] uvicorn.error - INFO - Started server process [10808]
[2022-12-18 17:36:45,268] uvicorn.error - INFO - Waiting for application startup.
[2022-12-18 17:36:45,269] uvicorn.error - INFO - Application startup complete.
[2022-12-18 17:36:45,271] uvicorn.error - INFO - Uvicorn running on http://0.0.0.0:8000 (Press CTRL+C to quit)
[2022-12-18 17:41:47,887] root - INFO - Authenticating the user details.....
[2022-12-18 17:41:51,066] root - INFO - Fetching the user details from the database.....
[2022-12-18 17:41:51,548] root - INFO - User not found while Login
[2022-12-18 17:42:46,957] root - INFO - Validating the user details while Registration.....
[2022-12-18 17:42:47,058] root - INFO - Generating the password hash.....
[2022-12-18 17:42:47,670] root - INFO - Saving the user details in the database.....
[2022-12-18 17:42:47,796] root - INFO - Saving the user details in the database completed.....
[2022-12-18 17:47:03,136] root - INFO - Authenticating the user details.....
[2022-12-18 17:47:03,136] root - INFO - Fetching the user details from the database.....
[2022-12-18 17:47:03,611] root - INFO - User authenticated successfully....
[2022-12-18 17:48:08,972] root - INFO - Validating User Embedding ......
[2022-12-18 17:48:08,973] root - INFO - Embedding Validation Successfull.......
[2022-12-18 17:48:08,973] root - INFO - Generating Embedding List .......
[2022-12-18 17:48:20,549] root - INFO - Embedding List generated.......
[2022-12-18 17:48:20,549] root - INFO - Calculating Average Embedding .......
[2022-12-18 17:48:20,549] root - INFO - Average Embedding calculated.......
[2022-12-18 17:48:20,549] root - INFO - Calculating Cosine Similarity .......
[2022-12-18 17:48:20,550] root - INFO - Cosine Similarity calculated.......
[2022-12-18 17:48:20,550] root - INFO - User Authenticated Successfully.......
